[2022-01-12 20:59:30,006] {taskinstance.py:1032} INFO - Dependencies all met for <TaskInstance: example_bash_operator.runme_0 scheduled__2022-01-11T00:00:00+00:00 [queued]>
[2022-01-12 20:59:30,011] {taskinstance.py:1032} INFO - Dependencies all met for <TaskInstance: example_bash_operator.runme_0 scheduled__2022-01-11T00:00:00+00:00 [queued]>
[2022-01-12 20:59:30,011] {taskinstance.py:1238} INFO - 
--------------------------------------------------------------------------------
[2022-01-12 20:59:30,012] {taskinstance.py:1239} INFO - Starting attempt 1 of 1
[2022-01-12 20:59:30,012] {taskinstance.py:1240} INFO - 
--------------------------------------------------------------------------------
[2022-01-12 20:59:30,021] {taskinstance.py:1259} INFO - Executing <Task(BashOperator): runme_0> on 2022-01-11 00:00:00+00:00
[2022-01-12 20:59:30,024] {standard_task_runner.py:52} INFO - Started process 29502 to run task
[2022-01-12 20:59:30,031] {standard_task_runner.py:76} INFO - Running: ['airflow', 'tasks', 'run', 'example_bash_operator', 'runme_0', 'scheduled__2022-01-11T00:00:00+00:00', '--job-id', '13', '--raw', '--subdir', '/Users/varunjain/.virtualenvs/airflow-poc/lib/python3.8/site-packages/airflow/example_dags/example_bash_operator.py', '--cfg-path', '/var/folders/9x/87f7qfrd51l90dl7bb9hvr_w0000gq/T/tmpeyslsj3b', '--error-file', '/var/folders/9x/87f7qfrd51l90dl7bb9hvr_w0000gq/T/tmplabvf8ve']
[2022-01-12 20:59:30,033] {standard_task_runner.py:77} INFO - Job 13: Subtask runme_0
[2022-01-12 20:59:30,075] {logging_mixin.py:109} INFO - Running <TaskInstance: example_bash_operator.runme_0 scheduled__2022-01-11T00:00:00+00:00 [running]> on host 1.0.0.0.0.0.0.0.0.0.0.0.0.0.0.0.0.0.0.0.0.0.0.0.0.0.0.0.0.0.0.0.ip6.arpa
[2022-01-12 20:59:30,107] {taskinstance.py:1424} INFO - Exporting the following env vars:
AIRFLOW_CTX_DAG_OWNER=airflow
AIRFLOW_CTX_DAG_ID=example_bash_operator
AIRFLOW_CTX_TASK_ID=runme_0
AIRFLOW_CTX_EXECUTION_DATE=2022-01-11T00:00:00+00:00
AIRFLOW_CTX_DAG_RUN_ID=scheduled__2022-01-11T00:00:00+00:00
[2022-01-12 20:59:30,108] {subprocess.py:62} INFO - Tmp dir root location: 
 /var/folders/9x/87f7qfrd51l90dl7bb9hvr_w0000gq/T
[2022-01-12 20:59:30,109] {subprocess.py:74} INFO - Running command: ['bash', '-c', 'echo "example_bash_operator__runme_0__20220111" && sleep 1']
[2022-01-12 20:59:30,125] {subprocess.py:85} INFO - Output:
[2022-01-12 20:59:30,130] {subprocess.py:89} INFO - example_bash_operator__runme_0__20220111
[2022-01-12 20:59:31,143] {subprocess.py:93} INFO - Command exited with return code 0
[2022-01-12 20:59:31,160] {taskinstance.py:1267} INFO - Marking task as SUCCESS. dag_id=example_bash_operator, task_id=runme_0, execution_date=20220111T000000, start_date=20220112T152930, end_date=20220112T152931
[2022-01-12 20:59:31,211] {local_task_job.py:154} INFO - Task exited with return code 0
[2022-01-12 20:59:31,233] {local_task_job.py:264} INFO - 0 downstream tasks scheduled from follow-on schedule check
