[2022-01-12 21:23:01,028] {taskinstance.py:1032} INFO - Dependencies all met for <TaskInstance: tutorial.sleep manual__2022-01-12T15:52:55.068632+00:00 [queued]>
[2022-01-12 21:23:01,037] {taskinstance.py:1032} INFO - Dependencies all met for <TaskInstance: tutorial.sleep manual__2022-01-12T15:52:55.068632+00:00 [queued]>
[2022-01-12 21:23:01,037] {taskinstance.py:1238} INFO - 
--------------------------------------------------------------------------------
[2022-01-12 21:23:01,037] {taskinstance.py:1239} INFO - Starting attempt 1 of 4
[2022-01-12 21:23:01,037] {taskinstance.py:1240} INFO - 
--------------------------------------------------------------------------------
[2022-01-12 21:23:01,047] {taskinstance.py:1259} INFO - Executing <Task(BashOperator): sleep> on 2022-01-12 15:52:55.068632+00:00
[2022-01-12 21:23:01,049] {standard_task_runner.py:52} INFO - Started process 32241 to run task
[2022-01-12 21:23:01,055] {standard_task_runner.py:76} INFO - Running: ['airflow', 'tasks', 'run', 'tutorial', 'sleep', 'manual__2022-01-12T15:52:55.068632+00:00', '--job-id', '11', '--raw', '--subdir', '/Users/varunjain/.virtualenvs/airflow-poc/lib/python3.8/site-packages/airflow/example_dags/tutorial.py', '--cfg-path', '/var/folders/9x/87f7qfrd51l90dl7bb9hvr_w0000gq/T/tmpp3hhn8v0', '--error-file', '/var/folders/9x/87f7qfrd51l90dl7bb9hvr_w0000gq/T/tmpqj0plf8m']
[2022-01-12 21:23:01,057] {standard_task_runner.py:77} INFO - Job 11: Subtask sleep
[2022-01-12 21:23:01,130] {logging_mixin.py:109} INFO - Running <TaskInstance: tutorial.sleep manual__2022-01-12T15:52:55.068632+00:00 [running]> on host Varuns-MacBook-Pro-2.local
[2022-01-12 21:23:01,194] {taskinstance.py:1424} INFO - Exporting the following env vars:
AIRFLOW_CTX_DAG_EMAIL=airflow@example.com
AIRFLOW_CTX_DAG_OWNER=airflow
AIRFLOW_CTX_DAG_ID=tutorial
AIRFLOW_CTX_TASK_ID=sleep
AIRFLOW_CTX_EXECUTION_DATE=2022-01-12T15:52:55.068632+00:00
AIRFLOW_CTX_DAG_RUN_ID=manual__2022-01-12T15:52:55.068632+00:00
[2022-01-12 21:23:01,195] {subprocess.py:62} INFO - Tmp dir root location: 
 /var/folders/9x/87f7qfrd51l90dl7bb9hvr_w0000gq/T
[2022-01-12 21:23:01,196] {subprocess.py:74} INFO - Running command: ['bash', '-c', 'sleep 5']
[2022-01-12 21:23:01,204] {subprocess.py:85} INFO - Output:
[2022-01-12 21:23:06,212] {subprocess.py:93} INFO - Command exited with return code 0
[2022-01-12 21:23:06,245] {taskinstance.py:1267} INFO - Marking task as SUCCESS. dag_id=tutorial, task_id=sleep, execution_date=20220112T155255, start_date=20220112T155301, end_date=20220112T155306
[2022-01-12 21:23:06,264] {local_task_job.py:154} INFO - Task exited with return code 0
[2022-01-12 21:23:06,296] {local_task_job.py:264} INFO - 0 downstream tasks scheduled from follow-on schedule check
