[2022-01-13 19:00:42,562] {taskinstance.py:1032} INFO - Dependencies all met for <TaskInstance: sample-dag-1.file_logic_2 manual__2022-01-13T13:29:49.655147+00:00 [queued]>
[2022-01-13 19:00:42,573] {taskinstance.py:1032} INFO - Dependencies all met for <TaskInstance: sample-dag-1.file_logic_2 manual__2022-01-13T13:29:49.655147+00:00 [queued]>
[2022-01-13 19:00:42,573] {taskinstance.py:1238} INFO - 
--------------------------------------------------------------------------------
[2022-01-13 19:00:42,573] {taskinstance.py:1239} INFO - Starting attempt 1 of 1
[2022-01-13 19:00:42,573] {taskinstance.py:1240} INFO - 
--------------------------------------------------------------------------------
[2022-01-13 19:00:42,582] {taskinstance.py:1259} INFO - Executing <Task(BranchPythonOperator): file_logic_2> on 2022-01-13 13:29:49.655147+00:00
[2022-01-13 19:00:42,586] {standard_task_runner.py:52} INFO - Started process 94747 to run task
[2022-01-13 19:00:42,592] {standard_task_runner.py:76} INFO - Running: ['airflow', 'tasks', 'run', 'sample-dag-1', 'file_logic_2', 'manual__2022-01-13T13:29:49.655147+00:00', '--job-id', '43', '--raw', '--subdir', 'DAGS_FOLDER/wf1.py', '--cfg-path', '/var/folders/9x/87f7qfrd51l90dl7bb9hvr_w0000gq/T/tmp8gsukzkh', '--error-file', '/var/folders/9x/87f7qfrd51l90dl7bb9hvr_w0000gq/T/tmp4u4y2dzn']
[2022-01-13 19:00:42,594] {standard_task_runner.py:77} INFO - Job 43: Subtask file_logic_2
[2022-01-13 19:00:42,673] {logging_mixin.py:109} INFO - Running <TaskInstance: sample-dag-1.file_logic_2 manual__2022-01-13T13:29:49.655147+00:00 [running]> on host 1.0.0.0.0.0.0.0.0.0.0.0.0.0.0.0.0.0.0.0.0.0.0.0.0.0.0.0.0.0.0.0.ip6.arpa
[2022-01-13 19:00:42,733] {taskinstance.py:1424} INFO - Exporting the following env vars:
AIRFLOW_CTX_DAG_OWNER=airflow
AIRFLOW_CTX_DAG_ID=sample-dag-1
AIRFLOW_CTX_TASK_ID=file_logic_2
AIRFLOW_CTX_EXECUTION_DATE=2022-01-13T13:29:49.655147+00:00
AIRFLOW_CTX_DAG_RUN_ID=manual__2022-01-13T13:29:49.655147+00:00
[2022-01-13 19:00:42,821] {python.py:175} INFO - Done. Returned value was: ['split_file_1', 'split_file_2', 'split_file_2']
[2022-01-13 19:00:42,822] {skipmixin.py:143} INFO - Following branch ['split_file_1', 'split_file_2', 'split_file_2']
[2022-01-13 19:00:42,822] {skipmixin.py:174} INFO - Skipping tasks ['split_file_3']
[2022-01-13 19:00:42,866] {taskinstance.py:1267} INFO - Marking task as SUCCESS. dag_id=sample-dag-1, task_id=file_logic_2, execution_date=20220113T132949, start_date=20220113T133042, end_date=20220113T133042
[2022-01-13 19:00:42,897] {local_task_job.py:154} INFO - Task exited with return code 0
[2022-01-13 19:00:42,963] {local_task_job.py:264} INFO - 2 downstream tasks scheduled from follow-on schedule check
