[2022-01-13 19:00:45,665] {taskinstance.py:1032} INFO - Dependencies all met for <TaskInstance: sample-dag-1.split_file_1 manual__2022-01-13T13:29:49.655147+00:00 [queued]>
[2022-01-13 19:00:45,679] {taskinstance.py:1032} INFO - Dependencies all met for <TaskInstance: sample-dag-1.split_file_1 manual__2022-01-13T13:29:49.655147+00:00 [queued]>
[2022-01-13 19:00:45,679] {taskinstance.py:1238} INFO - 
--------------------------------------------------------------------------------
[2022-01-13 19:00:45,679] {taskinstance.py:1239} INFO - Starting attempt 1 of 1
[2022-01-13 19:00:45,680] {taskinstance.py:1240} INFO - 
--------------------------------------------------------------------------------
[2022-01-13 19:00:45,690] {taskinstance.py:1259} INFO - Executing <Task(PythonOperator): split_file_1> on 2022-01-13 13:29:49.655147+00:00
[2022-01-13 19:00:45,693] {standard_task_runner.py:52} INFO - Started process 94775 to run task
[2022-01-13 19:00:45,699] {standard_task_runner.py:76} INFO - Running: ['airflow', 'tasks', 'run', 'sample-dag-1', 'split_file_1', 'manual__2022-01-13T13:29:49.655147+00:00', '--job-id', '44', '--raw', '--subdir', 'DAGS_FOLDER/wf1.py', '--cfg-path', '/var/folders/9x/87f7qfrd51l90dl7bb9hvr_w0000gq/T/tmpndqnnt6f', '--error-file', '/var/folders/9x/87f7qfrd51l90dl7bb9hvr_w0000gq/T/tmpzp9k4602']
[2022-01-13 19:00:45,702] {standard_task_runner.py:77} INFO - Job 44: Subtask split_file_1
[2022-01-13 19:00:45,780] {logging_mixin.py:109} INFO - Running <TaskInstance: sample-dag-1.split_file_1 manual__2022-01-13T13:29:49.655147+00:00 [running]> on host 1.0.0.0.0.0.0.0.0.0.0.0.0.0.0.0.0.0.0.0.0.0.0.0.0.0.0.0.0.0.0.0.ip6.arpa
[2022-01-13 19:00:45,842] {taskinstance.py:1424} INFO - Exporting the following env vars:
AIRFLOW_CTX_DAG_OWNER=airflow
AIRFLOW_CTX_DAG_ID=sample-dag-1
AIRFLOW_CTX_TASK_ID=split_file_1
AIRFLOW_CTX_EXECUTION_DATE=2022-01-13T13:29:49.655147+00:00
AIRFLOW_CTX_DAG_RUN_ID=manual__2022-01-13T13:29:49.655147+00:00
[2022-01-13 19:00:50,934] {python.py:175} INFO - Done. Returned value was: 2
[2022-01-13 19:00:50,961] {taskinstance.py:1267} INFO - Marking task as SUCCESS. dag_id=sample-dag-1, task_id=split_file_1, execution_date=20220113T132949, start_date=20220113T133045, end_date=20220113T133050
[2022-01-13 19:00:50,986] {local_task_job.py:154} INFO - Task exited with return code 0
[2022-01-13 19:00:51,040] {local_task_job.py:264} INFO - 0 downstream tasks scheduled from follow-on schedule check
