[2022-01-12 20:59:36,572] {taskinstance.py:1032} INFO - Dependencies all met for <TaskInstance: example_bash_operator.runme_2 scheduled__2022-01-11T00:00:00+00:00 [queued]>
[2022-01-12 20:59:36,578] {taskinstance.py:1032} INFO - Dependencies all met for <TaskInstance: example_bash_operator.runme_2 scheduled__2022-01-11T00:00:00+00:00 [queued]>
[2022-01-12 20:59:36,579] {taskinstance.py:1238} INFO - 
--------------------------------------------------------------------------------
[2022-01-12 20:59:36,579] {taskinstance.py:1239} INFO - Starting attempt 1 of 1
[2022-01-12 20:59:36,579] {taskinstance.py:1240} INFO - 
--------------------------------------------------------------------------------
[2022-01-12 20:59:36,587] {taskinstance.py:1259} INFO - Executing <Task(BashOperator): runme_2> on 2022-01-11 00:00:00+00:00
[2022-01-12 20:59:36,589] {standard_task_runner.py:52} INFO - Started process 29512 to run task
[2022-01-12 20:59:36,595] {standard_task_runner.py:76} INFO - Running: ['airflow', 'tasks', 'run', 'example_bash_operator', 'runme_2', 'scheduled__2022-01-11T00:00:00+00:00', '--job-id', '15', '--raw', '--subdir', '/Users/varunjain/.virtualenvs/airflow-poc/lib/python3.8/site-packages/airflow/example_dags/example_bash_operator.py', '--cfg-path', '/var/folders/9x/87f7qfrd51l90dl7bb9hvr_w0000gq/T/tmpijnm_2qp', '--error-file', '/var/folders/9x/87f7qfrd51l90dl7bb9hvr_w0000gq/T/tmp0exbf8x8']
[2022-01-12 20:59:36,596] {standard_task_runner.py:77} INFO - Job 15: Subtask runme_2
[2022-01-12 20:59:36,643] {logging_mixin.py:109} INFO - Running <TaskInstance: example_bash_operator.runme_2 scheduled__2022-01-11T00:00:00+00:00 [running]> on host 1.0.0.0.0.0.0.0.0.0.0.0.0.0.0.0.0.0.0.0.0.0.0.0.0.0.0.0.0.0.0.0.ip6.arpa
[2022-01-12 20:59:36,678] {taskinstance.py:1424} INFO - Exporting the following env vars:
AIRFLOW_CTX_DAG_OWNER=airflow
AIRFLOW_CTX_DAG_ID=example_bash_operator
AIRFLOW_CTX_TASK_ID=runme_2
AIRFLOW_CTX_EXECUTION_DATE=2022-01-11T00:00:00+00:00
AIRFLOW_CTX_DAG_RUN_ID=scheduled__2022-01-11T00:00:00+00:00
[2022-01-12 20:59:36,679] {subprocess.py:62} INFO - Tmp dir root location: 
 /var/folders/9x/87f7qfrd51l90dl7bb9hvr_w0000gq/T
[2022-01-12 20:59:36,680] {subprocess.py:74} INFO - Running command: ['bash', '-c', 'echo "example_bash_operator__runme_2__20220111" && sleep 1']
[2022-01-12 20:59:36,686] {subprocess.py:85} INFO - Output:
[2022-01-12 20:59:36,690] {subprocess.py:89} INFO - example_bash_operator__runme_2__20220111
[2022-01-12 20:59:37,697] {subprocess.py:93} INFO - Command exited with return code 0
[2022-01-12 20:59:37,713] {taskinstance.py:1267} INFO - Marking task as SUCCESS. dag_id=example_bash_operator, task_id=runme_2, execution_date=20220111T000000, start_date=20220112T152936, end_date=20220112T152937
[2022-01-12 20:59:37,752] {local_task_job.py:154} INFO - Task exited with return code 0
[2022-01-12 20:59:37,777] {local_task_job.py:264} INFO - 1 downstream tasks scheduled from follow-on schedule check
