[2022-01-12 21:25:03,963] {taskinstance.py:1032} INFO - Dependencies all met for <TaskInstance: tutorial-1.task_2 scheduled__2022-01-11T15:54:29.779757+00:00 [queued]>
[2022-01-12 21:25:03,977] {taskinstance.py:1032} INFO - Dependencies all met for <TaskInstance: tutorial-1.task_2 scheduled__2022-01-11T15:54:29.779757+00:00 [queued]>
[2022-01-12 21:25:03,977] {taskinstance.py:1238} INFO - 
--------------------------------------------------------------------------------
[2022-01-12 21:25:03,977] {taskinstance.py:1239} INFO - Starting attempt 1 of 1
[2022-01-12 21:25:03,977] {taskinstance.py:1240} INFO - 
--------------------------------------------------------------------------------
[2022-01-12 21:25:03,994] {taskinstance.py:1259} INFO - Executing <Task(PythonOperator): task_2> on 2022-01-11 15:54:29.779757+00:00
[2022-01-12 21:25:03,999] {standard_task_runner.py:52} INFO - Started process 32641 to run task
[2022-01-12 21:25:04,008] {standard_task_runner.py:76} INFO - Running: ['airflow', 'tasks', 'run', 'tutorial-1', 'task_2', 'scheduled__2022-01-11T15:54:29.779757+00:00', '--job-id', '15', '--raw', '--subdir', 'DAGS_FOLDER/wf-1.py', '--cfg-path', '/var/folders/9x/87f7qfrd51l90dl7bb9hvr_w0000gq/T/tmpixqskmbs', '--error-file', '/var/folders/9x/87f7qfrd51l90dl7bb9hvr_w0000gq/T/tmpjl3jascf']
[2022-01-12 21:25:04,011] {standard_task_runner.py:77} INFO - Job 15: Subtask task_2
[2022-01-12 21:25:04,111] {logging_mixin.py:109} INFO - Running <TaskInstance: tutorial-1.task_2 scheduled__2022-01-11T15:54:29.779757+00:00 [running]> on host Varuns-MacBook-Pro-2.local
[2022-01-12 21:25:04,184] {taskinstance.py:1424} INFO - Exporting the following env vars:
AIRFLOW_CTX_DAG_OWNER=airflow
AIRFLOW_CTX_DAG_ID=tutorial-1
AIRFLOW_CTX_TASK_ID=task_2
AIRFLOW_CTX_EXECUTION_DATE=2022-01-11T15:54:29.779757+00:00
AIRFLOW_CTX_DAG_RUN_ID=scheduled__2022-01-11T15:54:29.779757+00:00
[2022-01-12 21:25:04,186] {python.py:175} INFO - Done. Returned value was: 10
[2022-01-12 21:25:04,221] {taskinstance.py:1267} INFO - Marking task as SUCCESS. dag_id=tutorial-1, task_id=task_2, execution_date=20220111T155429, start_date=20220112T155503, end_date=20220112T155504
[2022-01-12 21:25:04,276] {local_task_job.py:154} INFO - Task exited with return code 0
[2022-01-12 21:25:04,327] {local_task_job.py:264} INFO - 0 downstream tasks scheduled from follow-on schedule check
