[2022-01-13 19:07:08,051] {taskinstance.py:1032} INFO - Dependencies all met for <TaskInstance: sample-dag-1.file_logic_2 manual__2022-01-13T13:36:47.211614+00:00 [queued]>
[2022-01-13 19:07:08,065] {taskinstance.py:1032} INFO - Dependencies all met for <TaskInstance: sample-dag-1.file_logic_2 manual__2022-01-13T13:36:47.211614+00:00 [queued]>
[2022-01-13 19:07:08,065] {taskinstance.py:1238} INFO - 
--------------------------------------------------------------------------------
[2022-01-13 19:07:08,065] {taskinstance.py:1239} INFO - Starting attempt 1 of 1
[2022-01-13 19:07:08,066] {taskinstance.py:1240} INFO - 
--------------------------------------------------------------------------------
[2022-01-13 19:07:08,078] {taskinstance.py:1259} INFO - Executing <Task(BranchPythonOperator): file_logic_2> on 2022-01-13 13:36:47.211614+00:00
[2022-01-13 19:07:08,081] {standard_task_runner.py:52} INFO - Started process 96060 to run task
[2022-01-13 19:07:08,088] {standard_task_runner.py:76} INFO - Running: ['airflow', 'tasks', 'run', 'sample-dag-1', 'file_logic_2', 'manual__2022-01-13T13:36:47.211614+00:00', '--job-id', '48', '--raw', '--subdir', 'DAGS_FOLDER/wf1.py', '--cfg-path', '/var/folders/9x/87f7qfrd51l90dl7bb9hvr_w0000gq/T/tmpwu9c32i6', '--error-file', '/var/folders/9x/87f7qfrd51l90dl7bb9hvr_w0000gq/T/tmpz17ot_ax']
[2022-01-13 19:07:08,091] {standard_task_runner.py:77} INFO - Job 48: Subtask file_logic_2
[2022-01-13 19:07:08,168] {logging_mixin.py:109} INFO - Running <TaskInstance: sample-dag-1.file_logic_2 manual__2022-01-13T13:36:47.211614+00:00 [running]> on host 1.0.0.0.0.0.0.0.0.0.0.0.0.0.0.0.0.0.0.0.0.0.0.0.0.0.0.0.0.0.0.0.ip6.arpa
[2022-01-13 19:07:08,234] {taskinstance.py:1424} INFO - Exporting the following env vars:
AIRFLOW_CTX_DAG_OWNER=airflow
AIRFLOW_CTX_DAG_ID=sample-dag-1
AIRFLOW_CTX_TASK_ID=file_logic_2
AIRFLOW_CTX_EXECUTION_DATE=2022-01-13T13:36:47.211614+00:00
AIRFLOW_CTX_DAG_RUN_ID=manual__2022-01-13T13:36:47.211614+00:00
[2022-01-13 19:07:08,323] {python.py:175} INFO - Done. Returned value was: ['split_file_1', 'split_file_2', 'split_file_3']
[2022-01-13 19:07:08,324] {skipmixin.py:143} INFO - Following branch ['split_file_1', 'split_file_2', 'split_file_3']
[2022-01-13 19:07:08,324] {skipmixin.py:174} INFO - Skipping tasks []
[2022-01-13 19:07:08,363] {taskinstance.py:1267} INFO - Marking task as SUCCESS. dag_id=sample-dag-1, task_id=file_logic_2, execution_date=20220113T133647, start_date=20220113T133708, end_date=20220113T133708
[2022-01-13 19:07:08,399] {local_task_job.py:154} INFO - Task exited with return code 0
[2022-01-13 19:07:08,469] {local_task_job.py:264} INFO - 3 downstream tasks scheduled from follow-on schedule check
