[2022-01-13 19:00:53,539] {taskinstance.py:1032} INFO - Dependencies all met for <TaskInstance: sample-dag-1.split_file_2 manual__2022-01-13T13:29:49.655147+00:00 [queued]>
[2022-01-13 19:00:53,550] {taskinstance.py:1032} INFO - Dependencies all met for <TaskInstance: sample-dag-1.split_file_2 manual__2022-01-13T13:29:49.655147+00:00 [queued]>
[2022-01-13 19:00:53,550] {taskinstance.py:1238} INFO - 
--------------------------------------------------------------------------------
[2022-01-13 19:00:53,550] {taskinstance.py:1239} INFO - Starting attempt 1 of 1
[2022-01-13 19:00:53,551] {taskinstance.py:1240} INFO - 
--------------------------------------------------------------------------------
[2022-01-13 19:00:53,559] {taskinstance.py:1259} INFO - Executing <Task(PythonOperator): split_file_2> on 2022-01-13 13:29:49.655147+00:00
[2022-01-13 19:00:53,562] {standard_task_runner.py:52} INFO - Started process 94824 to run task
[2022-01-13 19:00:53,568] {standard_task_runner.py:76} INFO - Running: ['airflow', 'tasks', 'run', 'sample-dag-1', 'split_file_2', 'manual__2022-01-13T13:29:49.655147+00:00', '--job-id', '45', '--raw', '--subdir', 'DAGS_FOLDER/wf1.py', '--cfg-path', '/var/folders/9x/87f7qfrd51l90dl7bb9hvr_w0000gq/T/tmpsmar55uk', '--error-file', '/var/folders/9x/87f7qfrd51l90dl7bb9hvr_w0000gq/T/tmpdpo6wkc2']
[2022-01-13 19:00:53,571] {standard_task_runner.py:77} INFO - Job 45: Subtask split_file_2
[2022-01-13 19:00:53,641] {logging_mixin.py:109} INFO - Running <TaskInstance: sample-dag-1.split_file_2 manual__2022-01-13T13:29:49.655147+00:00 [running]> on host 1.0.0.0.0.0.0.0.0.0.0.0.0.0.0.0.0.0.0.0.0.0.0.0.0.0.0.0.0.0.0.0.ip6.arpa
[2022-01-13 19:00:53,703] {taskinstance.py:1424} INFO - Exporting the following env vars:
AIRFLOW_CTX_DAG_OWNER=airflow
AIRFLOW_CTX_DAG_ID=sample-dag-1
AIRFLOW_CTX_TASK_ID=split_file_2
AIRFLOW_CTX_EXECUTION_DATE=2022-01-13T13:29:49.655147+00:00
AIRFLOW_CTX_DAG_RUN_ID=manual__2022-01-13T13:29:49.655147+00:00
[2022-01-13 19:00:58,798] {python.py:175} INFO - Done. Returned value was: 2
[2022-01-13 19:00:58,825] {taskinstance.py:1267} INFO - Marking task as SUCCESS. dag_id=sample-dag-1, task_id=split_file_2, execution_date=20220113T132949, start_date=20220113T133053, end_date=20220113T133058
[2022-01-13 19:00:58,885] {local_task_job.py:154} INFO - Task exited with return code 0
[2022-01-13 19:00:58,935] {local_task_job.py:264} INFO - 0 downstream tasks scheduled from follow-on schedule check
