[2022-01-13 19:08:06,656] {taskinstance.py:1032} INFO - Dependencies all met for <TaskInstance: sample-dag-1.new_de_tool manual__2022-01-13T13:36:47.211614+00:00 [queued]>
[2022-01-13 19:08:06,664] {taskinstance.py:1032} INFO - Dependencies all met for <TaskInstance: sample-dag-1.new_de_tool manual__2022-01-13T13:36:47.211614+00:00 [queued]>
[2022-01-13 19:08:06,664] {taskinstance.py:1238} INFO - 
--------------------------------------------------------------------------------
[2022-01-13 19:08:06,664] {taskinstance.py:1239} INFO - Starting attempt 1 of 1
[2022-01-13 19:08:06,664] {taskinstance.py:1240} INFO - 
--------------------------------------------------------------------------------
[2022-01-13 19:08:06,672] {taskinstance.py:1259} INFO - Executing <Task(PythonSensor): new_de_tool> on 2022-01-13 13:36:47.211614+00:00
[2022-01-13 19:08:06,675] {standard_task_runner.py:52} INFO - Started process 96433 to run task
[2022-01-13 19:08:06,680] {standard_task_runner.py:76} INFO - Running: ['airflow', 'tasks', 'run', 'sample-dag-1', 'new_de_tool', 'manual__2022-01-13T13:36:47.211614+00:00', '--job-id', '56', '--raw', '--subdir', 'DAGS_FOLDER/wf1.py', '--cfg-path', '/var/folders/9x/87f7qfrd51l90dl7bb9hvr_w0000gq/T/tmps_5i5rn8', '--error-file', '/var/folders/9x/87f7qfrd51l90dl7bb9hvr_w0000gq/T/tmpqya6h93o']
[2022-01-13 19:08:06,682] {standard_task_runner.py:77} INFO - Job 56: Subtask new_de_tool
[2022-01-13 19:08:06,747] {logging_mixin.py:109} INFO - Running <TaskInstance: sample-dag-1.new_de_tool manual__2022-01-13T13:36:47.211614+00:00 [running]> on host 1.0.0.0.0.0.0.0.0.0.0.0.0.0.0.0.0.0.0.0.0.0.0.0.0.0.0.0.0.0.0.0.ip6.arpa
[2022-01-13 19:08:06,802] {taskinstance.py:1424} INFO - Exporting the following env vars:
AIRFLOW_CTX_DAG_OWNER=airflow
AIRFLOW_CTX_DAG_ID=sample-dag-1
AIRFLOW_CTX_TASK_ID=new_de_tool
AIRFLOW_CTX_EXECUTION_DATE=2022-01-13T13:36:47.211614+00:00
AIRFLOW_CTX_DAG_RUN_ID=manual__2022-01-13T13:36:47.211614+00:00
[2022-01-13 19:08:06,814] {python.py:70} INFO - Poking callable: <function _pending_header at 0x7fe16f3dda60>
[2022-01-13 19:08:11,815] {logging_mixin.py:109} INFO - _pending_header 2
[2022-01-13 19:08:11,821] {base.py:249} INFO - Success criteria met. Exiting.
[2022-01-13 19:08:11,834] {taskinstance.py:1267} INFO - Marking task as SUCCESS. dag_id=sample-dag-1, task_id=new_de_tool, execution_date=20220113T133647, start_date=20220113T133806, end_date=20220113T133811
[2022-01-13 19:08:11,870] {local_task_job.py:154} INFO - Task exited with return code 0
[2022-01-13 19:08:11,911] {local_task_job.py:264} INFO - 1 downstream tasks scheduled from follow-on schedule check
