[2022-01-12 21:21:57,287] {taskinstance.py:1032} INFO - Dependencies all met for <TaskInstance: tutorial.templated scheduled__2022-01-11T15:51:21.935294+00:00 [queued]>
[2022-01-12 21:21:57,307] {taskinstance.py:1032} INFO - Dependencies all met for <TaskInstance: tutorial.templated scheduled__2022-01-11T15:51:21.935294+00:00 [queued]>
[2022-01-12 21:21:57,307] {taskinstance.py:1238} INFO - 
--------------------------------------------------------------------------------
[2022-01-12 21:21:57,307] {taskinstance.py:1239} INFO - Starting attempt 1 of 2
[2022-01-12 21:21:57,308] {taskinstance.py:1240} INFO - 
--------------------------------------------------------------------------------
[2022-01-12 21:21:57,322] {taskinstance.py:1259} INFO - Executing <Task(BashOperator): templated> on 2022-01-11 15:51:21.935294+00:00
[2022-01-12 21:21:57,326] {standard_task_runner.py:52} INFO - Started process 32028 to run task
[2022-01-12 21:21:57,334] {standard_task_runner.py:76} INFO - Running: ['airflow', 'tasks', 'run', 'tutorial', 'templated', 'scheduled__2022-01-11T15:51:21.935294+00:00', '--job-id', '9', '--raw', '--subdir', '/Users/varunjain/.virtualenvs/airflow-poc/lib/python3.8/site-packages/airflow/example_dags/tutorial.py', '--cfg-path', '/var/folders/9x/87f7qfrd51l90dl7bb9hvr_w0000gq/T/tmpkvquw81l', '--error-file', '/var/folders/9x/87f7qfrd51l90dl7bb9hvr_w0000gq/T/tmpji6ik7j3']
[2022-01-12 21:21:57,337] {standard_task_runner.py:77} INFO - Job 9: Subtask templated
[2022-01-12 21:21:57,436] {logging_mixin.py:109} INFO - Running <TaskInstance: tutorial.templated scheduled__2022-01-11T15:51:21.935294+00:00 [running]> on host Varuns-MacBook-Pro-2.local
[2022-01-12 21:21:57,539] {taskinstance.py:1424} INFO - Exporting the following env vars:
AIRFLOW_CTX_DAG_EMAIL=airflow@example.com
AIRFLOW_CTX_DAG_OWNER=airflow
AIRFLOW_CTX_DAG_ID=tutorial
AIRFLOW_CTX_TASK_ID=templated
AIRFLOW_CTX_EXECUTION_DATE=2022-01-11T15:51:21.935294+00:00
AIRFLOW_CTX_DAG_RUN_ID=scheduled__2022-01-11T15:51:21.935294+00:00
[2022-01-12 21:21:57,541] {subprocess.py:62} INFO - Tmp dir root location: 
 /var/folders/9x/87f7qfrd51l90dl7bb9hvr_w0000gq/T
[2022-01-12 21:21:57,542] {subprocess.py:74} INFO - Running command: ['bash', '-c', '\n\n    echo "2022-01-11"\n    echo "2022-01-18"\n    echo "Parameter I passed in"\n\n    echo "2022-01-11"\n    echo "2022-01-18"\n    echo "Parameter I passed in"\n\n    echo "2022-01-11"\n    echo "2022-01-18"\n    echo "Parameter I passed in"\n\n    echo "2022-01-11"\n    echo "2022-01-18"\n    echo "Parameter I passed in"\n\n    echo "2022-01-11"\n    echo "2022-01-18"\n    echo "Parameter I passed in"\n']
[2022-01-12 21:21:57,555] {subprocess.py:85} INFO - Output:
[2022-01-12 21:21:57,560] {subprocess.py:89} INFO - 2022-01-11
[2022-01-12 21:21:57,562] {subprocess.py:89} INFO - 2022-01-18
[2022-01-12 21:21:57,563] {subprocess.py:89} INFO - Parameter I passed in
[2022-01-12 21:21:57,563] {subprocess.py:89} INFO - 2022-01-11
[2022-01-12 21:21:57,564] {subprocess.py:89} INFO - 2022-01-18
[2022-01-12 21:21:57,565] {subprocess.py:89} INFO - Parameter I passed in
[2022-01-12 21:21:57,565] {subprocess.py:89} INFO - 2022-01-11
[2022-01-12 21:21:57,565] {subprocess.py:89} INFO - 2022-01-18
[2022-01-12 21:21:57,566] {subprocess.py:89} INFO - Parameter I passed in
[2022-01-12 21:21:57,566] {subprocess.py:89} INFO - 2022-01-11
[2022-01-12 21:21:57,567] {subprocess.py:89} INFO - 2022-01-18
[2022-01-12 21:21:57,567] {subprocess.py:89} INFO - Parameter I passed in
[2022-01-12 21:21:57,568] {subprocess.py:89} INFO - 2022-01-11
[2022-01-12 21:21:57,568] {subprocess.py:89} INFO - 2022-01-18
[2022-01-12 21:21:57,569] {subprocess.py:89} INFO - Parameter I passed in
[2022-01-12 21:21:57,569] {subprocess.py:93} INFO - Command exited with return code 0
[2022-01-12 21:21:57,674] {taskinstance.py:1267} INFO - Marking task as SUCCESS. dag_id=tutorial, task_id=templated, execution_date=20220111T155121, start_date=20220112T155157, end_date=20220112T155157
[2022-01-12 21:21:57,724] {local_task_job.py:154} INFO - Task exited with return code 0
[2022-01-12 21:21:57,799] {local_task_job.py:264} INFO - 0 downstream tasks scheduled from follow-on schedule check
