[2022-01-13 19:07:19,451] {taskinstance.py:1032} INFO - Dependencies all met for <TaskInstance: sample-dag-1.split_file_2 manual__2022-01-13T13:36:47.211614+00:00 [queued]>
[2022-01-13 19:07:19,464] {taskinstance.py:1032} INFO - Dependencies all met for <TaskInstance: sample-dag-1.split_file_2 manual__2022-01-13T13:36:47.211614+00:00 [queued]>
[2022-01-13 19:07:19,464] {taskinstance.py:1238} INFO - 
--------------------------------------------------------------------------------
[2022-01-13 19:07:19,464] {taskinstance.py:1239} INFO - Starting attempt 1 of 1
[2022-01-13 19:07:19,464] {taskinstance.py:1240} INFO - 
--------------------------------------------------------------------------------
[2022-01-13 19:07:19,476] {taskinstance.py:1259} INFO - Executing <Task(PythonOperator): split_file_2> on 2022-01-13 13:36:47.211614+00:00
[2022-01-13 19:07:19,479] {standard_task_runner.py:52} INFO - Started process 96139 to run task
[2022-01-13 19:07:19,485] {standard_task_runner.py:76} INFO - Running: ['airflow', 'tasks', 'run', 'sample-dag-1', 'split_file_2', 'manual__2022-01-13T13:36:47.211614+00:00', '--job-id', '50', '--raw', '--subdir', 'DAGS_FOLDER/wf1.py', '--cfg-path', '/var/folders/9x/87f7qfrd51l90dl7bb9hvr_w0000gq/T/tmpbainqtbp', '--error-file', '/var/folders/9x/87f7qfrd51l90dl7bb9hvr_w0000gq/T/tmp6d5jrdef']
[2022-01-13 19:07:19,488] {standard_task_runner.py:77} INFO - Job 50: Subtask split_file_2
[2022-01-13 19:07:19,588] {logging_mixin.py:109} INFO - Running <TaskInstance: sample-dag-1.split_file_2 manual__2022-01-13T13:36:47.211614+00:00 [running]> on host 1.0.0.0.0.0.0.0.0.0.0.0.0.0.0.0.0.0.0.0.0.0.0.0.0.0.0.0.0.0.0.0.ip6.arpa
[2022-01-13 19:07:19,652] {taskinstance.py:1424} INFO - Exporting the following env vars:
AIRFLOW_CTX_DAG_OWNER=airflow
AIRFLOW_CTX_DAG_ID=sample-dag-1
AIRFLOW_CTX_TASK_ID=split_file_2
AIRFLOW_CTX_EXECUTION_DATE=2022-01-13T13:36:47.211614+00:00
AIRFLOW_CTX_DAG_RUN_ID=manual__2022-01-13T13:36:47.211614+00:00
[2022-01-13 19:07:24,740] {python.py:175} INFO - Done. Returned value was: 2
[2022-01-13 19:07:24,770] {taskinstance.py:1267} INFO - Marking task as SUCCESS. dag_id=sample-dag-1, task_id=split_file_2, execution_date=20220113T133647, start_date=20220113T133719, end_date=20220113T133724
[2022-01-13 19:07:24,806] {local_task_job.py:154} INFO - Task exited with return code 0
[2022-01-13 19:07:24,852] {local_task_job.py:264} INFO - 0 downstream tasks scheduled from follow-on schedule check
