[2022-01-13 15:28:19,109] {taskinstance.py:1032} INFO - Dependencies all met for <TaskInstance: sample-dag-1.task_1 manual__2022-01-13T09:58:15.473143+00:00 [queued]>
[2022-01-13 15:28:19,120] {taskinstance.py:1032} INFO - Dependencies all met for <TaskInstance: sample-dag-1.task_1 manual__2022-01-13T09:58:15.473143+00:00 [queued]>
[2022-01-13 15:28:19,120] {taskinstance.py:1238} INFO - 
--------------------------------------------------------------------------------
[2022-01-13 15:28:19,120] {taskinstance.py:1239} INFO - Starting attempt 1 of 1
[2022-01-13 15:28:19,120] {taskinstance.py:1240} INFO - 
--------------------------------------------------------------------------------
[2022-01-13 15:28:19,131] {taskinstance.py:1259} INFO - Executing <Task(PythonOperator): task_1> on 2022-01-13 09:58:15.473143+00:00
[2022-01-13 15:28:19,135] {standard_task_runner.py:52} INFO - Started process 61815 to run task
[2022-01-13 15:28:19,141] {standard_task_runner.py:76} INFO - Running: ['airflow', 'tasks', 'run', 'sample-dag-1', 'task_1', 'manual__2022-01-13T09:58:15.473143+00:00', '--job-id', '29', '--raw', '--subdir', 'DAGS_FOLDER/wf1.py', '--cfg-path', '/var/folders/9x/87f7qfrd51l90dl7bb9hvr_w0000gq/T/tmp7ilt2nva', '--error-file', '/var/folders/9x/87f7qfrd51l90dl7bb9hvr_w0000gq/T/tmpgb_vyx3f']
[2022-01-13 15:28:19,144] {standard_task_runner.py:77} INFO - Job 29: Subtask task_1
[2022-01-13 15:28:19,224] {logging_mixin.py:109} INFO - Running <TaskInstance: sample-dag-1.task_1 manual__2022-01-13T09:58:15.473143+00:00 [running]> on host 1.0.0.0.0.0.0.0.0.0.0.0.0.0.0.0.0.0.0.0.0.0.0.0.0.0.0.0.0.0.0.0.ip6.arpa
[2022-01-13 15:28:19,289] {taskinstance.py:1424} INFO - Exporting the following env vars:
AIRFLOW_CTX_DAG_OWNER=airflow
AIRFLOW_CTX_DAG_ID=sample-dag-1
AIRFLOW_CTX_TASK_ID=task_1
AIRFLOW_CTX_EXECUTION_DATE=2022-01-13T09:58:15.473143+00:00
AIRFLOW_CTX_DAG_RUN_ID=manual__2022-01-13T09:58:15.473143+00:00
[2022-01-13 15:28:24,412] {python.py:175} INFO - Done. Returned value was: 1
[2022-01-13 15:28:24,440] {taskinstance.py:1267} INFO - Marking task as SUCCESS. dag_id=sample-dag-1, task_id=task_1, execution_date=20220113T095815, start_date=20220113T095819, end_date=20220113T095824
[2022-01-13 15:28:24,491] {local_task_job.py:154} INFO - Task exited with return code 0
[2022-01-13 15:28:24,537] {local_task_job.py:264} INFO - 1 downstream tasks scheduled from follow-on schedule check
