[2022-01-13 15:08:04,844] {taskinstance.py:1032} INFO - Dependencies all met for <TaskInstance: sample-dag-1.task_1 manual__2022-01-13T09:38:01.100836+00:00 [queued]>
[2022-01-13 15:08:04,857] {taskinstance.py:1032} INFO - Dependencies all met for <TaskInstance: sample-dag-1.task_1 manual__2022-01-13T09:38:01.100836+00:00 [queued]>
[2022-01-13 15:08:04,857] {taskinstance.py:1238} INFO - 
--------------------------------------------------------------------------------
[2022-01-13 15:08:04,858] {taskinstance.py:1239} INFO - Starting attempt 1 of 1
[2022-01-13 15:08:04,858] {taskinstance.py:1240} INFO - 
--------------------------------------------------------------------------------
[2022-01-13 15:08:04,871] {taskinstance.py:1259} INFO - Executing <Task(PythonOperator): task_1> on 2022-01-13 09:38:01.100836+00:00
[2022-01-13 15:08:04,875] {standard_task_runner.py:52} INFO - Started process 57690 to run task
[2022-01-13 15:08:04,883] {standard_task_runner.py:76} INFO - Running: ['airflow', 'tasks', 'run', 'sample-dag-1', 'task_1', 'manual__2022-01-13T09:38:01.100836+00:00', '--job-id', '22', '--raw', '--subdir', 'DAGS_FOLDER/wf1.py', '--cfg-path', '/var/folders/9x/87f7qfrd51l90dl7bb9hvr_w0000gq/T/tmp2pxt70j3', '--error-file', '/var/folders/9x/87f7qfrd51l90dl7bb9hvr_w0000gq/T/tmpmies9aa5']
[2022-01-13 15:08:04,887] {standard_task_runner.py:77} INFO - Job 22: Subtask task_1
[2022-01-13 15:08:04,989] {logging_mixin.py:109} INFO - Running <TaskInstance: sample-dag-1.task_1 manual__2022-01-13T09:38:01.100836+00:00 [running]> on host Varuns-MacBook-Pro-2.local
[2022-01-13 15:08:05,075] {taskinstance.py:1424} INFO - Exporting the following env vars:
AIRFLOW_CTX_DAG_OWNER=airflow
AIRFLOW_CTX_DAG_ID=sample-dag-1
AIRFLOW_CTX_TASK_ID=task_1
AIRFLOW_CTX_EXECUTION_DATE=2022-01-13T09:38:01.100836+00:00
AIRFLOW_CTX_DAG_RUN_ID=manual__2022-01-13T09:38:01.100836+00:00
[2022-01-13 15:08:10,208] {python.py:175} INFO - Done. Returned value was: 1
[2022-01-13 15:08:10,245] {taskinstance.py:1267} INFO - Marking task as SUCCESS. dag_id=sample-dag-1, task_id=task_1, execution_date=20220113T093801, start_date=20220113T093804, end_date=20220113T093810
[2022-01-13 15:08:10,281] {local_task_job.py:154} INFO - Task exited with return code 0
[2022-01-13 15:08:10,328] {local_task_job.py:264} INFO - 1 downstream tasks scheduled from follow-on schedule check
