[2022-01-12 21:22:58,171] {taskinstance.py:1032} INFO - Dependencies all met for <TaskInstance: tutorial.print_date manual__2022-01-12T15:52:55.068632+00:00 [queued]>
[2022-01-12 21:22:58,181] {taskinstance.py:1032} INFO - Dependencies all met for <TaskInstance: tutorial.print_date manual__2022-01-12T15:52:55.068632+00:00 [queued]>
[2022-01-12 21:22:58,181] {taskinstance.py:1238} INFO - 
--------------------------------------------------------------------------------
[2022-01-12 21:22:58,181] {taskinstance.py:1239} INFO - Starting attempt 1 of 2
[2022-01-12 21:22:58,181] {taskinstance.py:1240} INFO - 
--------------------------------------------------------------------------------
[2022-01-12 21:22:58,191] {taskinstance.py:1259} INFO - Executing <Task(BashOperator): print_date> on 2022-01-12 15:52:55.068632+00:00
[2022-01-12 21:22:58,194] {standard_task_runner.py:52} INFO - Started process 32213 to run task
[2022-01-12 21:22:58,200] {standard_task_runner.py:76} INFO - Running: ['airflow', 'tasks', 'run', 'tutorial', 'print_date', 'manual__2022-01-12T15:52:55.068632+00:00', '--job-id', '10', '--raw', '--subdir', '/Users/varunjain/.virtualenvs/airflow-poc/lib/python3.8/site-packages/airflow/example_dags/tutorial.py', '--cfg-path', '/var/folders/9x/87f7qfrd51l90dl7bb9hvr_w0000gq/T/tmpg_b5t4wm', '--error-file', '/var/folders/9x/87f7qfrd51l90dl7bb9hvr_w0000gq/T/tmp_z_1f505']
[2022-01-12 21:22:58,202] {standard_task_runner.py:77} INFO - Job 10: Subtask print_date
[2022-01-12 21:22:58,279] {logging_mixin.py:109} INFO - Running <TaskInstance: tutorial.print_date manual__2022-01-12T15:52:55.068632+00:00 [running]> on host Varuns-MacBook-Pro-2.local
[2022-01-12 21:22:58,344] {taskinstance.py:1424} INFO - Exporting the following env vars:
AIRFLOW_CTX_DAG_EMAIL=airflow@example.com
AIRFLOW_CTX_DAG_OWNER=airflow
AIRFLOW_CTX_DAG_ID=tutorial
AIRFLOW_CTX_TASK_ID=print_date
AIRFLOW_CTX_EXECUTION_DATE=2022-01-12T15:52:55.068632+00:00
AIRFLOW_CTX_DAG_RUN_ID=manual__2022-01-12T15:52:55.068632+00:00
[2022-01-12 21:22:58,346] {subprocess.py:62} INFO - Tmp dir root location: 
 /var/folders/9x/87f7qfrd51l90dl7bb9hvr_w0000gq/T
[2022-01-12 21:22:58,347] {subprocess.py:74} INFO - Running command: ['bash', '-c', 'date']
[2022-01-12 21:22:58,355] {subprocess.py:85} INFO - Output:
[2022-01-12 21:22:58,362] {subprocess.py:89} INFO - Wed Jan 12 21:22:58 IST 2022
[2022-01-12 21:22:58,363] {subprocess.py:93} INFO - Command exited with return code 0
[2022-01-12 21:22:58,396] {taskinstance.py:1267} INFO - Marking task as SUCCESS. dag_id=tutorial, task_id=print_date, execution_date=20220112T155255, start_date=20220112T155258, end_date=20220112T155258
[2022-01-12 21:22:58,426] {local_task_job.py:154} INFO - Task exited with return code 0
[2022-01-12 21:22:58,470] {local_task_job.py:264} INFO - 2 downstream tasks scheduled from follow-on schedule check
