[2022-01-12 21:23:08,764] {taskinstance.py:1032} INFO - Dependencies all met for <TaskInstance: tutorial.templated manual__2022-01-12T15:52:55.068632+00:00 [queued]>
[2022-01-12 21:23:08,773] {taskinstance.py:1032} INFO - Dependencies all met for <TaskInstance: tutorial.templated manual__2022-01-12T15:52:55.068632+00:00 [queued]>
[2022-01-12 21:23:08,773] {taskinstance.py:1238} INFO - 
--------------------------------------------------------------------------------
[2022-01-12 21:23:08,774] {taskinstance.py:1239} INFO - Starting attempt 1 of 2
[2022-01-12 21:23:08,774] {taskinstance.py:1240} INFO - 
--------------------------------------------------------------------------------
[2022-01-12 21:23:08,784] {taskinstance.py:1259} INFO - Executing <Task(BashOperator): templated> on 2022-01-12 15:52:55.068632+00:00
[2022-01-12 21:23:08,788] {standard_task_runner.py:52} INFO - Started process 32291 to run task
[2022-01-12 21:23:08,796] {standard_task_runner.py:76} INFO - Running: ['airflow', 'tasks', 'run', 'tutorial', 'templated', 'manual__2022-01-12T15:52:55.068632+00:00', '--job-id', '12', '--raw', '--subdir', '/Users/varunjain/.virtualenvs/airflow-poc/lib/python3.8/site-packages/airflow/example_dags/tutorial.py', '--cfg-path', '/var/folders/9x/87f7qfrd51l90dl7bb9hvr_w0000gq/T/tmpq3jtvs0x', '--error-file', '/var/folders/9x/87f7qfrd51l90dl7bb9hvr_w0000gq/T/tmppxce44e7']
[2022-01-12 21:23:08,798] {standard_task_runner.py:77} INFO - Job 12: Subtask templated
[2022-01-12 21:23:08,884] {logging_mixin.py:109} INFO - Running <TaskInstance: tutorial.templated manual__2022-01-12T15:52:55.068632+00:00 [running]> on host Varuns-MacBook-Pro-2.local
[2022-01-12 21:23:08,965] {taskinstance.py:1424} INFO - Exporting the following env vars:
AIRFLOW_CTX_DAG_EMAIL=airflow@example.com
AIRFLOW_CTX_DAG_OWNER=airflow
AIRFLOW_CTX_DAG_ID=tutorial
AIRFLOW_CTX_TASK_ID=templated
AIRFLOW_CTX_EXECUTION_DATE=2022-01-12T15:52:55.068632+00:00
AIRFLOW_CTX_DAG_RUN_ID=manual__2022-01-12T15:52:55.068632+00:00
[2022-01-12 21:23:08,967] {subprocess.py:62} INFO - Tmp dir root location: 
 /var/folders/9x/87f7qfrd51l90dl7bb9hvr_w0000gq/T
[2022-01-12 21:23:08,968] {subprocess.py:74} INFO - Running command: ['bash', '-c', '\n\n    echo "2022-01-12"\n    echo "2022-01-19"\n    echo "Parameter I passed in"\n\n    echo "2022-01-12"\n    echo "2022-01-19"\n    echo "Parameter I passed in"\n\n    echo "2022-01-12"\n    echo "2022-01-19"\n    echo "Parameter I passed in"\n\n    echo "2022-01-12"\n    echo "2022-01-19"\n    echo "Parameter I passed in"\n\n    echo "2022-01-12"\n    echo "2022-01-19"\n    echo "Parameter I passed in"\n']
[2022-01-12 21:23:08,976] {subprocess.py:85} INFO - Output:
[2022-01-12 21:23:08,983] {subprocess.py:89} INFO - 2022-01-12
[2022-01-12 21:23:08,984] {subprocess.py:89} INFO - 2022-01-19
[2022-01-12 21:23:08,984] {subprocess.py:89} INFO - Parameter I passed in
[2022-01-12 21:23:08,984] {subprocess.py:89} INFO - 2022-01-12
[2022-01-12 21:23:08,985] {subprocess.py:89} INFO - 2022-01-19
[2022-01-12 21:23:08,986] {subprocess.py:89} INFO - Parameter I passed in
[2022-01-12 21:23:08,986] {subprocess.py:89} INFO - 2022-01-12
[2022-01-12 21:23:08,987] {subprocess.py:89} INFO - 2022-01-19
[2022-01-12 21:23:08,988] {subprocess.py:89} INFO - Parameter I passed in
[2022-01-12 21:23:08,990] {subprocess.py:89} INFO - 2022-01-12
[2022-01-12 21:23:08,991] {subprocess.py:89} INFO - 2022-01-19
[2022-01-12 21:23:08,993] {subprocess.py:89} INFO - Parameter I passed in
[2022-01-12 21:23:08,994] {subprocess.py:89} INFO - 2022-01-12
[2022-01-12 21:23:08,995] {subprocess.py:89} INFO - 2022-01-19
[2022-01-12 21:23:08,996] {subprocess.py:89} INFO - Parameter I passed in
[2022-01-12 21:23:08,998] {subprocess.py:93} INFO - Command exited with return code 0
[2022-01-12 21:23:09,309] {taskinstance.py:1267} INFO - Marking task as SUCCESS. dag_id=tutorial, task_id=templated, execution_date=20220112T155255, start_date=20220112T155308, end_date=20220112T155309
[2022-01-12 21:23:09,351] {local_task_job.py:154} INFO - Task exited with return code 0
[2022-01-12 21:23:09,395] {local_task_job.py:264} INFO - 0 downstream tasks scheduled from follow-on schedule check
