[2022-01-13 19:07:59,081] {taskinstance.py:1032} INFO - Dependencies all met for <TaskInstance: sample-dag-1.ml_lineitem_parse manual__2022-01-13T13:36:47.211614+00:00 [queued]>
[2022-01-13 19:07:59,090] {taskinstance.py:1032} INFO - Dependencies all met for <TaskInstance: sample-dag-1.ml_lineitem_parse manual__2022-01-13T13:36:47.211614+00:00 [queued]>
[2022-01-13 19:07:59,090] {taskinstance.py:1238} INFO - 
--------------------------------------------------------------------------------
[2022-01-13 19:07:59,090] {taskinstance.py:1239} INFO - Starting attempt 1 of 1
[2022-01-13 19:07:59,090] {taskinstance.py:1240} INFO - 
--------------------------------------------------------------------------------
[2022-01-13 19:07:59,098] {taskinstance.py:1259} INFO - Executing <Task(PythonOperator): ml_lineitem_parse> on 2022-01-13 13:36:47.211614+00:00
[2022-01-13 19:07:59,101] {standard_task_runner.py:52} INFO - Started process 96384 to run task
[2022-01-13 19:07:59,106] {standard_task_runner.py:76} INFO - Running: ['airflow', 'tasks', 'run', 'sample-dag-1', 'ml_lineitem_parse', 'manual__2022-01-13T13:36:47.211614+00:00', '--job-id', '55', '--raw', '--subdir', 'DAGS_FOLDER/wf1.py', '--cfg-path', '/var/folders/9x/87f7qfrd51l90dl7bb9hvr_w0000gq/T/tmpdmqmopd8', '--error-file', '/var/folders/9x/87f7qfrd51l90dl7bb9hvr_w0000gq/T/tmp9ybvpfkd']
[2022-01-13 19:07:59,108] {standard_task_runner.py:77} INFO - Job 55: Subtask ml_lineitem_parse
[2022-01-13 19:07:59,169] {logging_mixin.py:109} INFO - Running <TaskInstance: sample-dag-1.ml_lineitem_parse manual__2022-01-13T13:36:47.211614+00:00 [running]> on host 1.0.0.0.0.0.0.0.0.0.0.0.0.0.0.0.0.0.0.0.0.0.0.0.0.0.0.0.0.0.0.0.ip6.arpa
[2022-01-13 19:07:59,221] {taskinstance.py:1424} INFO - Exporting the following env vars:
AIRFLOW_CTX_DAG_OWNER=airflow
AIRFLOW_CTX_DAG_ID=sample-dag-1
AIRFLOW_CTX_TASK_ID=ml_lineitem_parse
AIRFLOW_CTX_EXECUTION_DATE=2022-01-13T13:36:47.211614+00:00
AIRFLOW_CTX_DAG_RUN_ID=manual__2022-01-13T13:36:47.211614+00:00
[2022-01-13 19:08:04,296] {python.py:175} INFO - Done. Returned value was: 2
[2022-01-13 19:08:04,320] {taskinstance.py:1267} INFO - Marking task as SUCCESS. dag_id=sample-dag-1, task_id=ml_lineitem_parse, execution_date=20220113T133647, start_date=20220113T133759, end_date=20220113T133804
[2022-01-13 19:08:04,354] {local_task_job.py:154} INFO - Task exited with return code 0
[2022-01-13 19:08:04,396] {local_task_job.py:264} INFO - 1 downstream tasks scheduled from follow-on schedule check
