[2022-01-12 20:59:41,606] {taskinstance.py:1032} INFO - Dependencies all met for <TaskInstance: example_bash_operator.this_will_skip scheduled__2022-01-11T00:00:00+00:00 [queued]>
[2022-01-12 20:59:41,613] {taskinstance.py:1032} INFO - Dependencies all met for <TaskInstance: example_bash_operator.this_will_skip scheduled__2022-01-11T00:00:00+00:00 [queued]>
[2022-01-12 20:59:41,613] {taskinstance.py:1238} INFO - 
--------------------------------------------------------------------------------
[2022-01-12 20:59:41,613] {taskinstance.py:1239} INFO - Starting attempt 1 of 1
[2022-01-12 20:59:41,613] {taskinstance.py:1240} INFO - 
--------------------------------------------------------------------------------
[2022-01-12 20:59:41,621] {taskinstance.py:1259} INFO - Executing <Task(BashOperator): this_will_skip> on 2022-01-11 00:00:00+00:00
[2022-01-12 20:59:41,624] {standard_task_runner.py:52} INFO - Started process 29524 to run task
[2022-01-12 20:59:41,629] {standard_task_runner.py:76} INFO - Running: ['airflow', 'tasks', 'run', 'example_bash_operator', 'this_will_skip', 'scheduled__2022-01-11T00:00:00+00:00', '--job-id', '17', '--raw', '--subdir', '/Users/varunjain/.virtualenvs/airflow-poc/lib/python3.8/site-packages/airflow/example_dags/example_bash_operator.py', '--cfg-path', '/var/folders/9x/87f7qfrd51l90dl7bb9hvr_w0000gq/T/tmpi3nvpyvs', '--error-file', '/var/folders/9x/87f7qfrd51l90dl7bb9hvr_w0000gq/T/tmpm3b34jiq']
[2022-01-12 20:59:41,631] {standard_task_runner.py:77} INFO - Job 17: Subtask this_will_skip
[2022-01-12 20:59:41,672] {logging_mixin.py:109} INFO - Running <TaskInstance: example_bash_operator.this_will_skip scheduled__2022-01-11T00:00:00+00:00 [running]> on host 1.0.0.0.0.0.0.0.0.0.0.0.0.0.0.0.0.0.0.0.0.0.0.0.0.0.0.0.0.0.0.0.ip6.arpa
[2022-01-12 20:59:41,704] {taskinstance.py:1424} INFO - Exporting the following env vars:
AIRFLOW_CTX_DAG_OWNER=airflow
AIRFLOW_CTX_DAG_ID=example_bash_operator
AIRFLOW_CTX_TASK_ID=this_will_skip
AIRFLOW_CTX_EXECUTION_DATE=2022-01-11T00:00:00+00:00
AIRFLOW_CTX_DAG_RUN_ID=scheduled__2022-01-11T00:00:00+00:00
[2022-01-12 20:59:41,705] {subprocess.py:62} INFO - Tmp dir root location: 
 /var/folders/9x/87f7qfrd51l90dl7bb9hvr_w0000gq/T
[2022-01-12 20:59:41,706] {subprocess.py:74} INFO - Running command: ['bash', '-c', 'echo "hello world"; exit 99;']
[2022-01-12 20:59:41,713] {subprocess.py:85} INFO - Output:
[2022-01-12 20:59:41,716] {subprocess.py:89} INFO - hello world
[2022-01-12 20:59:41,716] {subprocess.py:93} INFO - Command exited with return code 99
[2022-01-12 20:59:41,719] {taskinstance.py:1356} INFO - Bash command returned exit code 99. Skipping.
[2022-01-12 20:59:41,726] {taskinstance.py:1267} INFO - Marking task as SKIPPED. dag_id=example_bash_operator, task_id=this_will_skip, execution_date=20220111T000000, start_date=20220112T152941, end_date=20220112T152941
[2022-01-12 20:59:41,770] {local_task_job.py:154} INFO - Task exited with return code 0
[2022-01-12 20:59:41,794] {local_task_job.py:264} INFO - 0 downstream tasks scheduled from follow-on schedule check
