[2022-01-13 18:59:53,885] {taskinstance.py:1032} INFO - Dependencies all met for <TaskInstance: sample-dag-1.set_file_metadata manual__2022-01-13T13:29:49.655147+00:00 [queued]>
[2022-01-13 18:59:53,895] {taskinstance.py:1032} INFO - Dependencies all met for <TaskInstance: sample-dag-1.set_file_metadata manual__2022-01-13T13:29:49.655147+00:00 [queued]>
[2022-01-13 18:59:53,895] {taskinstance.py:1238} INFO - 
--------------------------------------------------------------------------------
[2022-01-13 18:59:53,895] {taskinstance.py:1239} INFO - Starting attempt 1 of 1
[2022-01-13 18:59:53,895] {taskinstance.py:1240} INFO - 
--------------------------------------------------------------------------------
[2022-01-13 18:59:53,906] {taskinstance.py:1259} INFO - Executing <Task(PythonOperator): set_file_metadata> on 2022-01-13 13:29:49.655147+00:00
[2022-01-13 18:59:53,910] {standard_task_runner.py:52} INFO - Started process 94528 to run task
[2022-01-13 18:59:53,916] {standard_task_runner.py:76} INFO - Running: ['airflow', 'tasks', 'run', 'sample-dag-1', 'set_file_metadata', 'manual__2022-01-13T13:29:49.655147+00:00', '--job-id', '41', '--raw', '--subdir', 'DAGS_FOLDER/wf1.py', '--cfg-path', '/var/folders/9x/87f7qfrd51l90dl7bb9hvr_w0000gq/T/tmpqxubvkw_', '--error-file', '/var/folders/9x/87f7qfrd51l90dl7bb9hvr_w0000gq/T/tmp2taoif0l']
[2022-01-13 18:59:53,920] {standard_task_runner.py:77} INFO - Job 41: Subtask set_file_metadata
[2022-01-13 18:59:54,007] {logging_mixin.py:109} INFO - Running <TaskInstance: sample-dag-1.set_file_metadata manual__2022-01-13T13:29:49.655147+00:00 [running]> on host 1.0.0.0.0.0.0.0.0.0.0.0.0.0.0.0.0.0.0.0.0.0.0.0.0.0.0.0.0.0.0.0.ip6.arpa
[2022-01-13 18:59:54,090] {taskinstance.py:1424} INFO - Exporting the following env vars:
AIRFLOW_CTX_DAG_OWNER=airflow
AIRFLOW_CTX_DAG_ID=sample-dag-1
AIRFLOW_CTX_TASK_ID=set_file_metadata
AIRFLOW_CTX_EXECUTION_DATE=2022-01-13T13:29:49.655147+00:00
AIRFLOW_CTX_DAG_RUN_ID=manual__2022-01-13T13:29:49.655147+00:00
[2022-01-13 19:00:31,591] {python.py:175} INFO - Done. Returned value was: 2
[2022-01-13 19:00:31,622] {taskinstance.py:1267} INFO - Marking task as SUCCESS. dag_id=sample-dag-1, task_id=set_file_metadata, execution_date=20220113T132949, start_date=20220113T132953, end_date=20220113T133031
[2022-01-13 19:00:31,657] {local_task_job.py:154} INFO - Task exited with return code 0
[2022-01-13 19:00:31,708] {local_task_job.py:264} INFO - 1 downstream tasks scheduled from follow-on schedule check
