[2022-01-13 15:28:53,268] {taskinstance.py:1032} INFO - Dependencies all met for <TaskInstance: sample-dag-1.task_5 manual__2022-01-13T09:58:15.473143+00:00 [queued]>
[2022-01-13 15:28:53,283] {taskinstance.py:1032} INFO - Dependencies all met for <TaskInstance: sample-dag-1.task_5 manual__2022-01-13T09:58:15.473143+00:00 [queued]>
[2022-01-13 15:28:53,283] {taskinstance.py:1238} INFO - 
--------------------------------------------------------------------------------
[2022-01-13 15:28:53,283] {taskinstance.py:1239} INFO - Starting attempt 1 of 1
[2022-01-13 15:28:53,284] {taskinstance.py:1240} INFO - 
--------------------------------------------------------------------------------
[2022-01-13 15:28:53,298] {taskinstance.py:1259} INFO - Executing <Task(PythonOperator): task_5> on 2022-01-13 09:58:15.473143+00:00
[2022-01-13 15:28:53,301] {standard_task_runner.py:52} INFO - Started process 62002 to run task
[2022-01-13 15:28:53,310] {standard_task_runner.py:76} INFO - Running: ['airflow', 'tasks', 'run', 'sample-dag-1', 'task_5', 'manual__2022-01-13T09:58:15.473143+00:00', '--job-id', '33', '--raw', '--subdir', 'DAGS_FOLDER/wf1.py', '--cfg-path', '/var/folders/9x/87f7qfrd51l90dl7bb9hvr_w0000gq/T/tmp9s4kk7ao', '--error-file', '/var/folders/9x/87f7qfrd51l90dl7bb9hvr_w0000gq/T/tmpl76mhnga']
[2022-01-13 15:28:53,313] {standard_task_runner.py:77} INFO - Job 33: Subtask task_5
[2022-01-13 15:28:53,445] {logging_mixin.py:109} INFO - Running <TaskInstance: sample-dag-1.task_5 manual__2022-01-13T09:58:15.473143+00:00 [running]> on host 1.0.0.0.0.0.0.0.0.0.0.0.0.0.0.0.0.0.0.0.0.0.0.0.0.0.0.0.0.0.0.0.ip6.arpa
[2022-01-13 15:28:53,559] {taskinstance.py:1424} INFO - Exporting the following env vars:
AIRFLOW_CTX_DAG_OWNER=airflow
AIRFLOW_CTX_DAG_ID=sample-dag-1
AIRFLOW_CTX_TASK_ID=task_5
AIRFLOW_CTX_EXECUTION_DATE=2022-01-13T09:58:15.473143+00:00
AIRFLOW_CTX_DAG_RUN_ID=manual__2022-01-13T09:58:15.473143+00:00
[2022-01-13 15:28:58,718] {python.py:175} INFO - Done. Returned value was: 2
[2022-01-13 15:28:58,751] {taskinstance.py:1267} INFO - Marking task as SUCCESS. dag_id=sample-dag-1, task_id=task_5, execution_date=20220113T095815, start_date=20220113T095853, end_date=20220113T095858
[2022-01-13 15:28:58,791] {local_task_job.py:154} INFO - Task exited with return code 0
[2022-01-13 15:28:58,838] {local_task_job.py:264} INFO - 0 downstream tasks scheduled from follow-on schedule check
