[2022-01-13 19:07:43,140] {taskinstance.py:1032} INFO - Dependencies all met for <TaskInstance: sample-dag-1.pending_header manual__2022-01-13T13:36:47.211614+00:00 [queued]>
[2022-01-13 19:07:43,149] {taskinstance.py:1032} INFO - Dependencies all met for <TaskInstance: sample-dag-1.pending_header manual__2022-01-13T13:36:47.211614+00:00 [queued]>
[2022-01-13 19:07:43,149] {taskinstance.py:1238} INFO - 
--------------------------------------------------------------------------------
[2022-01-13 19:07:43,149] {taskinstance.py:1239} INFO - Starting attempt 1 of 1
[2022-01-13 19:07:43,149] {taskinstance.py:1240} INFO - 
--------------------------------------------------------------------------------
[2022-01-13 19:07:43,158] {taskinstance.py:1259} INFO - Executing <Task(PythonSensor): pending_header> on 2022-01-13 13:36:47.211614+00:00
[2022-01-13 19:07:43,161] {standard_task_runner.py:52} INFO - Started process 96282 to run task
[2022-01-13 19:07:43,167] {standard_task_runner.py:76} INFO - Running: ['airflow', 'tasks', 'run', 'sample-dag-1', 'pending_header', 'manual__2022-01-13T13:36:47.211614+00:00', '--job-id', '53', '--raw', '--subdir', 'DAGS_FOLDER/wf1.py', '--cfg-path', '/var/folders/9x/87f7qfrd51l90dl7bb9hvr_w0000gq/T/tmpz_f9cugg', '--error-file', '/var/folders/9x/87f7qfrd51l90dl7bb9hvr_w0000gq/T/tmpqag1y9xm']
[2022-01-13 19:07:43,169] {standard_task_runner.py:77} INFO - Job 53: Subtask pending_header
[2022-01-13 19:07:43,239] {logging_mixin.py:109} INFO - Running <TaskInstance: sample-dag-1.pending_header manual__2022-01-13T13:36:47.211614+00:00 [running]> on host 1.0.0.0.0.0.0.0.0.0.0.0.0.0.0.0.0.0.0.0.0.0.0.0.0.0.0.0.0.0.0.0.ip6.arpa
[2022-01-13 19:07:43,299] {taskinstance.py:1424} INFO - Exporting the following env vars:
AIRFLOW_CTX_DAG_OWNER=airflow
AIRFLOW_CTX_DAG_ID=sample-dag-1
AIRFLOW_CTX_TASK_ID=pending_header
AIRFLOW_CTX_EXECUTION_DATE=2022-01-13T13:36:47.211614+00:00
AIRFLOW_CTX_DAG_RUN_ID=manual__2022-01-13T13:36:47.211614+00:00
[2022-01-13 19:07:43,309] {python.py:70} INFO - Poking callable: <function _pending_header at 0x7f918ea9fa60>
[2022-01-13 19:07:48,311] {logging_mixin.py:109} INFO - _pending_header 1
[2022-01-13 19:07:48,335] {taskinstance.py:1683} INFO - Rescheduling task, marking task as UP_FOR_RESCHEDULE
[2022-01-13 19:07:48,347] {local_task_job.py:154} INFO - Task exited with return code 0
[2022-01-13 19:07:48,387] {local_task_job.py:264} INFO - 0 downstream tasks scheduled from follow-on schedule check
[2022-01-13 19:07:51,625] {taskinstance.py:1032} INFO - Dependencies all met for <TaskInstance: sample-dag-1.pending_header manual__2022-01-13T13:36:47.211614+00:00 [queued]>
[2022-01-13 19:07:51,633] {taskinstance.py:1032} INFO - Dependencies all met for <TaskInstance: sample-dag-1.pending_header manual__2022-01-13T13:36:47.211614+00:00 [queued]>
[2022-01-13 19:07:51,633] {taskinstance.py:1238} INFO - 
--------------------------------------------------------------------------------
[2022-01-13 19:07:51,633] {taskinstance.py:1239} INFO - Starting attempt 1 of 1
[2022-01-13 19:07:51,633] {taskinstance.py:1240} INFO - 
--------------------------------------------------------------------------------
[2022-01-13 19:07:51,641] {taskinstance.py:1259} INFO - Executing <Task(PythonSensor): pending_header> on 2022-01-13 13:36:47.211614+00:00
[2022-01-13 19:07:51,643] {standard_task_runner.py:52} INFO - Started process 96336 to run task
[2022-01-13 19:07:51,648] {standard_task_runner.py:76} INFO - Running: ['airflow', 'tasks', 'run', 'sample-dag-1', 'pending_header', 'manual__2022-01-13T13:36:47.211614+00:00', '--job-id', '54', '--raw', '--subdir', 'DAGS_FOLDER/wf1.py', '--cfg-path', '/var/folders/9x/87f7qfrd51l90dl7bb9hvr_w0000gq/T/tmpbun9tihy', '--error-file', '/var/folders/9x/87f7qfrd51l90dl7bb9hvr_w0000gq/T/tmpiutelwf2']
[2022-01-13 19:07:51,650] {standard_task_runner.py:77} INFO - Job 54: Subtask pending_header
[2022-01-13 19:07:51,711] {logging_mixin.py:109} INFO - Running <TaskInstance: sample-dag-1.pending_header manual__2022-01-13T13:36:47.211614+00:00 [running]> on host 1.0.0.0.0.0.0.0.0.0.0.0.0.0.0.0.0.0.0.0.0.0.0.0.0.0.0.0.0.0.0.0.ip6.arpa
[2022-01-13 19:07:51,763] {taskinstance.py:1424} INFO - Exporting the following env vars:
AIRFLOW_CTX_DAG_OWNER=airflow
AIRFLOW_CTX_DAG_ID=sample-dag-1
AIRFLOW_CTX_TASK_ID=pending_header
AIRFLOW_CTX_EXECUTION_DATE=2022-01-13T13:36:47.211614+00:00
AIRFLOW_CTX_DAG_RUN_ID=manual__2022-01-13T13:36:47.211614+00:00
[2022-01-13 19:07:51,773] {python.py:70} INFO - Poking callable: <function _pending_header at 0x7ff41c3dda60>
[2022-01-13 19:07:56,774] {logging_mixin.py:109} INFO - _pending_header 2
[2022-01-13 19:07:56,774] {base.py:249} INFO - Success criteria met. Exiting.
[2022-01-13 19:07:56,787] {taskinstance.py:1267} INFO - Marking task as SUCCESS. dag_id=sample-dag-1, task_id=pending_header, execution_date=20220113T133647, start_date=20220113T133751, end_date=20220113T133756
[2022-01-13 19:07:56,824] {local_task_job.py:154} INFO - Task exited with return code 0
[2022-01-13 19:07:56,865] {local_task_job.py:264} INFO - 1 downstream tasks scheduled from follow-on schedule check
