[2022-01-13 19:00:34,407] {taskinstance.py:1032} INFO - Dependencies all met for <TaskInstance: sample-dag-1.convert_file manual__2022-01-13T13:29:49.655147+00:00 [queued]>
[2022-01-13 19:00:34,417] {taskinstance.py:1032} INFO - Dependencies all met for <TaskInstance: sample-dag-1.convert_file manual__2022-01-13T13:29:49.655147+00:00 [queued]>
[2022-01-13 19:00:34,417] {taskinstance.py:1238} INFO - 
--------------------------------------------------------------------------------
[2022-01-13 19:00:34,417] {taskinstance.py:1239} INFO - Starting attempt 1 of 1
[2022-01-13 19:00:34,417] {taskinstance.py:1240} INFO - 
--------------------------------------------------------------------------------
[2022-01-13 19:00:34,429] {taskinstance.py:1259} INFO - Executing <Task(BranchPythonOperator): convert_file> on 2022-01-13 13:29:49.655147+00:00
[2022-01-13 19:00:34,432] {standard_task_runner.py:52} INFO - Started process 94696 to run task
[2022-01-13 19:00:34,439] {standard_task_runner.py:76} INFO - Running: ['airflow', 'tasks', 'run', 'sample-dag-1', 'convert_file', 'manual__2022-01-13T13:29:49.655147+00:00', '--job-id', '42', '--raw', '--subdir', 'DAGS_FOLDER/wf1.py', '--cfg-path', '/var/folders/9x/87f7qfrd51l90dl7bb9hvr_w0000gq/T/tmpetysol20', '--error-file', '/var/folders/9x/87f7qfrd51l90dl7bb9hvr_w0000gq/T/tmpz8l9hqv5']
[2022-01-13 19:00:34,441] {standard_task_runner.py:77} INFO - Job 42: Subtask convert_file
[2022-01-13 19:00:34,514] {logging_mixin.py:109} INFO - Running <TaskInstance: sample-dag-1.convert_file manual__2022-01-13T13:29:49.655147+00:00 [running]> on host 1.0.0.0.0.0.0.0.0.0.0.0.0.0.0.0.0.0.0.0.0.0.0.0.0.0.0.0.0.0.0.0.ip6.arpa
[2022-01-13 19:00:34,573] {taskinstance.py:1424} INFO - Exporting the following env vars:
AIRFLOW_CTX_DAG_OWNER=airflow
AIRFLOW_CTX_DAG_ID=sample-dag-1
AIRFLOW_CTX_TASK_ID=convert_file
AIRFLOW_CTX_EXECUTION_DATE=2022-01-13T13:29:49.655147+00:00
AIRFLOW_CTX_DAG_RUN_ID=manual__2022-01-13T13:29:49.655147+00:00
[2022-01-13 19:00:39,660] {python.py:175} INFO - Done. Returned value was: file_logic_2
[2022-01-13 19:00:39,661] {skipmixin.py:143} INFO - Following branch file_logic_2
[2022-01-13 19:00:39,661] {skipmixin.py:174} INFO - Skipping tasks ['file_logic_1']
[2022-01-13 19:00:39,698] {taskinstance.py:1267} INFO - Marking task as SUCCESS. dag_id=sample-dag-1, task_id=convert_file, execution_date=20220113T132949, start_date=20220113T133034, end_date=20220113T133039
[2022-01-13 19:00:39,721] {local_task_job.py:154} INFO - Task exited with return code 0
[2022-01-13 19:00:39,788] {local_task_job.py:264} INFO - 1 downstream tasks scheduled from follow-on schedule check
