[2022-01-13 15:25:47,184] {taskinstance.py:1032} INFO - Dependencies all met for <TaskInstance: sample-dag-1.task_4 manual__2022-01-13T09:55:20.081575+00:00 [queued]>
[2022-01-13 15:25:47,193] {taskinstance.py:1032} INFO - Dependencies all met for <TaskInstance: sample-dag-1.task_4 manual__2022-01-13T09:55:20.081575+00:00 [queued]>
[2022-01-13 15:25:47,193] {taskinstance.py:1238} INFO - 
--------------------------------------------------------------------------------
[2022-01-13 15:25:47,193] {taskinstance.py:1239} INFO - Starting attempt 1 of 1
[2022-01-13 15:25:47,193] {taskinstance.py:1240} INFO - 
--------------------------------------------------------------------------------
[2022-01-13 15:25:47,202] {taskinstance.py:1259} INFO - Executing <Task(PythonOperator): task_4> on 2022-01-13 09:55:20.081575+00:00
[2022-01-13 15:25:47,205] {standard_task_runner.py:52} INFO - Started process 61325 to run task
[2022-01-13 15:25:47,210] {standard_task_runner.py:76} INFO - Running: ['airflow', 'tasks', 'run', 'sample-dag-1', 'task_4', 'manual__2022-01-13T09:55:20.081575+00:00', '--job-id', '27', '--raw', '--subdir', 'DAGS_FOLDER/wf1.py', '--cfg-path', '/var/folders/9x/87f7qfrd51l90dl7bb9hvr_w0000gq/T/tmpnc7_5j8_', '--error-file', '/var/folders/9x/87f7qfrd51l90dl7bb9hvr_w0000gq/T/tmp6za09161']
[2022-01-13 15:25:47,213] {standard_task_runner.py:77} INFO - Job 27: Subtask task_4
[2022-01-13 15:25:47,279] {logging_mixin.py:109} INFO - Running <TaskInstance: sample-dag-1.task_4 manual__2022-01-13T09:55:20.081575+00:00 [running]> on host 1.0.0.0.0.0.0.0.0.0.0.0.0.0.0.0.0.0.0.0.0.0.0.0.0.0.0.0.0.0.0.0.ip6.arpa
[2022-01-13 15:25:47,337] {taskinstance.py:1424} INFO - Exporting the following env vars:
AIRFLOW_CTX_DAG_OWNER=airflow
AIRFLOW_CTX_DAG_ID=sample-dag-1
AIRFLOW_CTX_TASK_ID=task_4
AIRFLOW_CTX_EXECUTION_DATE=2022-01-13T09:55:20.081575+00:00
AIRFLOW_CTX_DAG_RUN_ID=manual__2022-01-13T09:55:20.081575+00:00
[2022-01-13 15:25:52,415] {python.py:175} INFO - Done. Returned value was: 2
[2022-01-13 15:25:52,441] {taskinstance.py:1267} INFO - Marking task as SUCCESS. dag_id=sample-dag-1, task_id=task_4, execution_date=20220113T095520, start_date=20220113T095547, end_date=20220113T095552
[2022-01-13 15:25:52,462] {local_task_job.py:154} INFO - Task exited with return code 0
[2022-01-13 15:25:52,497] {local_task_job.py:264} INFO - 1 downstream tasks scheduled from follow-on schedule check
