[2022-01-12 21:25:07,438] {taskinstance.py:1032} INFO - Dependencies all met for <TaskInstance: tutorial-1.task_2 manual__2022-01-12T15:54:53.195140+00:00 [queued]>
[2022-01-12 21:25:07,449] {taskinstance.py:1032} INFO - Dependencies all met for <TaskInstance: tutorial-1.task_2 manual__2022-01-12T15:54:53.195140+00:00 [queued]>
[2022-01-12 21:25:07,449] {taskinstance.py:1238} INFO - 
--------------------------------------------------------------------------------
[2022-01-12 21:25:07,450] {taskinstance.py:1239} INFO - Starting attempt 1 of 1
[2022-01-12 21:25:07,450] {taskinstance.py:1240} INFO - 
--------------------------------------------------------------------------------
[2022-01-12 21:25:07,461] {taskinstance.py:1259} INFO - Executing <Task(PythonOperator): task_2> on 2022-01-12 15:54:53.195140+00:00
[2022-01-12 21:25:07,464] {standard_task_runner.py:52} INFO - Started process 32669 to run task
[2022-01-12 21:25:07,471] {standard_task_runner.py:76} INFO - Running: ['airflow', 'tasks', 'run', 'tutorial-1', 'task_2', 'manual__2022-01-12T15:54:53.195140+00:00', '--job-id', '16', '--raw', '--subdir', 'DAGS_FOLDER/wf-1.py', '--cfg-path', '/var/folders/9x/87f7qfrd51l90dl7bb9hvr_w0000gq/T/tmpbwdxwuve', '--error-file', '/var/folders/9x/87f7qfrd51l90dl7bb9hvr_w0000gq/T/tmpr74k4pkx']
[2022-01-12 21:25:07,474] {standard_task_runner.py:77} INFO - Job 16: Subtask task_2
[2022-01-12 21:25:07,558] {logging_mixin.py:109} INFO - Running <TaskInstance: tutorial-1.task_2 manual__2022-01-12T15:54:53.195140+00:00 [running]> on host Varuns-MacBook-Pro-2.local
[2022-01-12 21:25:07,627] {taskinstance.py:1424} INFO - Exporting the following env vars:
AIRFLOW_CTX_DAG_OWNER=airflow
AIRFLOW_CTX_DAG_ID=tutorial-1
AIRFLOW_CTX_TASK_ID=task_2
AIRFLOW_CTX_EXECUTION_DATE=2022-01-12T15:54:53.195140+00:00
AIRFLOW_CTX_DAG_RUN_ID=manual__2022-01-12T15:54:53.195140+00:00
[2022-01-12 21:25:07,629] {python.py:175} INFO - Done. Returned value was: 10
[2022-01-12 21:25:07,663] {taskinstance.py:1267} INFO - Marking task as SUCCESS. dag_id=tutorial-1, task_id=task_2, execution_date=20220112T155453, start_date=20220112T155507, end_date=20220112T155507
[2022-01-12 21:25:07,690] {local_task_job.py:154} INFO - Task exited with return code 0
[2022-01-12 21:25:07,742] {local_task_job.py:264} INFO - 0 downstream tasks scheduled from follow-on schedule check
