[2022-01-13 19:06:59,780] {taskinstance.py:1032} INFO - Dependencies all met for <TaskInstance: sample-dag-1.convert_file manual__2022-01-13T13:36:47.211614+00:00 [queued]>
[2022-01-13 19:06:59,789] {taskinstance.py:1032} INFO - Dependencies all met for <TaskInstance: sample-dag-1.convert_file manual__2022-01-13T13:36:47.211614+00:00 [queued]>
[2022-01-13 19:06:59,790] {taskinstance.py:1238} INFO - 
--------------------------------------------------------------------------------
[2022-01-13 19:06:59,790] {taskinstance.py:1239} INFO - Starting attempt 1 of 1
[2022-01-13 19:06:59,790] {taskinstance.py:1240} INFO - 
--------------------------------------------------------------------------------
[2022-01-13 19:06:59,800] {taskinstance.py:1259} INFO - Executing <Task(BranchPythonOperator): convert_file> on 2022-01-13 13:36:47.211614+00:00
[2022-01-13 19:06:59,804] {standard_task_runner.py:52} INFO - Started process 96014 to run task
[2022-01-13 19:06:59,810] {standard_task_runner.py:76} INFO - Running: ['airflow', 'tasks', 'run', 'sample-dag-1', 'convert_file', 'manual__2022-01-13T13:36:47.211614+00:00', '--job-id', '47', '--raw', '--subdir', 'DAGS_FOLDER/wf1.py', '--cfg-path', '/var/folders/9x/87f7qfrd51l90dl7bb9hvr_w0000gq/T/tmpzypjlleo', '--error-file', '/var/folders/9x/87f7qfrd51l90dl7bb9hvr_w0000gq/T/tmpy9nqeqge']
[2022-01-13 19:06:59,813] {standard_task_runner.py:77} INFO - Job 47: Subtask convert_file
[2022-01-13 19:06:59,891] {logging_mixin.py:109} INFO - Running <TaskInstance: sample-dag-1.convert_file manual__2022-01-13T13:36:47.211614+00:00 [running]> on host 1.0.0.0.0.0.0.0.0.0.0.0.0.0.0.0.0.0.0.0.0.0.0.0.0.0.0.0.0.0.0.0.ip6.arpa
[2022-01-13 19:06:59,955] {taskinstance.py:1424} INFO - Exporting the following env vars:
AIRFLOW_CTX_DAG_OWNER=airflow
AIRFLOW_CTX_DAG_ID=sample-dag-1
AIRFLOW_CTX_TASK_ID=convert_file
AIRFLOW_CTX_EXECUTION_DATE=2022-01-13T13:36:47.211614+00:00
AIRFLOW_CTX_DAG_RUN_ID=manual__2022-01-13T13:36:47.211614+00:00
[2022-01-13 19:07:05,046] {python.py:175} INFO - Done. Returned value was: file_logic_2
[2022-01-13 19:07:05,047] {skipmixin.py:143} INFO - Following branch file_logic_2
[2022-01-13 19:07:05,049] {skipmixin.py:174} INFO - Skipping tasks ['file_logic_1']
[2022-01-13 19:07:05,144] {taskinstance.py:1267} INFO - Marking task as SUCCESS. dag_id=sample-dag-1, task_id=convert_file, execution_date=20220113T133647, start_date=20220113T133659, end_date=20220113T133705
[2022-01-13 19:07:05,205] {local_task_job.py:154} INFO - Task exited with return code 0
[2022-01-13 19:07:05,276] {local_task_job.py:264} INFO - 1 downstream tasks scheduled from follow-on schedule check
