[2022-01-12 21:21:48,561] {taskinstance.py:1032} INFO - Dependencies all met for <TaskInstance: tutorial.sleep scheduled__2022-01-11T15:51:21.935294+00:00 [queued]>
[2022-01-12 21:21:48,573] {taskinstance.py:1032} INFO - Dependencies all met for <TaskInstance: tutorial.sleep scheduled__2022-01-11T15:51:21.935294+00:00 [queued]>
[2022-01-12 21:21:48,573] {taskinstance.py:1238} INFO - 
--------------------------------------------------------------------------------
[2022-01-12 21:21:48,573] {taskinstance.py:1239} INFO - Starting attempt 1 of 4
[2022-01-12 21:21:48,574] {taskinstance.py:1240} INFO - 
--------------------------------------------------------------------------------
[2022-01-12 21:21:48,586] {taskinstance.py:1259} INFO - Executing <Task(BashOperator): sleep> on 2022-01-11 15:51:21.935294+00:00
[2022-01-12 21:21:48,590] {standard_task_runner.py:52} INFO - Started process 31983 to run task
[2022-01-12 21:21:48,597] {standard_task_runner.py:76} INFO - Running: ['airflow', 'tasks', 'run', 'tutorial', 'sleep', 'scheduled__2022-01-11T15:51:21.935294+00:00', '--job-id', '8', '--raw', '--subdir', '/Users/varunjain/.virtualenvs/airflow-poc/lib/python3.8/site-packages/airflow/example_dags/tutorial.py', '--cfg-path', '/var/folders/9x/87f7qfrd51l90dl7bb9hvr_w0000gq/T/tmp9h_06bxd', '--error-file', '/var/folders/9x/87f7qfrd51l90dl7bb9hvr_w0000gq/T/tmpb7l2gbxr']
[2022-01-12 21:21:48,599] {standard_task_runner.py:77} INFO - Job 8: Subtask sleep
[2022-01-12 21:21:48,680] {logging_mixin.py:109} INFO - Running <TaskInstance: tutorial.sleep scheduled__2022-01-11T15:51:21.935294+00:00 [running]> on host Varuns-MacBook-Pro-2.local
[2022-01-12 21:21:48,749] {taskinstance.py:1424} INFO - Exporting the following env vars:
AIRFLOW_CTX_DAG_EMAIL=airflow@example.com
AIRFLOW_CTX_DAG_OWNER=airflow
AIRFLOW_CTX_DAG_ID=tutorial
AIRFLOW_CTX_TASK_ID=sleep
AIRFLOW_CTX_EXECUTION_DATE=2022-01-11T15:51:21.935294+00:00
AIRFLOW_CTX_DAG_RUN_ID=scheduled__2022-01-11T15:51:21.935294+00:00
[2022-01-12 21:21:48,750] {subprocess.py:62} INFO - Tmp dir root location: 
 /var/folders/9x/87f7qfrd51l90dl7bb9hvr_w0000gq/T
[2022-01-12 21:21:48,751] {subprocess.py:74} INFO - Running command: ['bash', '-c', 'sleep 5']
[2022-01-12 21:21:48,760] {subprocess.py:85} INFO - Output:
[2022-01-12 21:21:53,771] {subprocess.py:93} INFO - Command exited with return code 0
[2022-01-12 21:21:53,821] {taskinstance.py:1267} INFO - Marking task as SUCCESS. dag_id=tutorial, task_id=sleep, execution_date=20220111T155121, start_date=20220112T155148, end_date=20220112T155153
[2022-01-12 21:21:53,874] {local_task_job.py:154} INFO - Task exited with return code 0
[2022-01-12 21:21:53,918] {local_task_job.py:264} INFO - 0 downstream tasks scheduled from follow-on schedule check
