[2022-01-13 15:33:29,619] {taskinstance.py:1032} INFO - Dependencies all met for <TaskInstance: sample-dag-1.task_5 manual__2022-01-13T10:01:56.320659+00:00 [queued]>
[2022-01-13 15:33:29,629] {taskinstance.py:1032} INFO - Dependencies all met for <TaskInstance: sample-dag-1.task_5 manual__2022-01-13T10:01:56.320659+00:00 [queued]>
[2022-01-13 15:33:29,630] {taskinstance.py:1238} INFO - 
--------------------------------------------------------------------------------
[2022-01-13 15:33:29,630] {taskinstance.py:1239} INFO - Starting attempt 1 of 1
[2022-01-13 15:33:29,630] {taskinstance.py:1240} INFO - 
--------------------------------------------------------------------------------
[2022-01-13 15:33:29,640] {taskinstance.py:1259} INFO - Executing <Task(PythonOperator): task_5> on 2022-01-13 10:01:56.320659+00:00
[2022-01-13 15:33:29,643] {standard_task_runner.py:52} INFO - Started process 62980 to run task
[2022-01-13 15:33:29,649] {standard_task_runner.py:76} INFO - Running: ['airflow', 'tasks', 'run', 'sample-dag-1', 'task_5', 'manual__2022-01-13T10:01:56.320659+00:00', '--job-id', '38', '--raw', '--subdir', 'DAGS_FOLDER/wf1.py', '--cfg-path', '/var/folders/9x/87f7qfrd51l90dl7bb9hvr_w0000gq/T/tmpwf6q3ku4', '--error-file', '/var/folders/9x/87f7qfrd51l90dl7bb9hvr_w0000gq/T/tmpop81tcat']
[2022-01-13 15:33:29,652] {standard_task_runner.py:77} INFO - Job 38: Subtask task_5
[2022-01-13 15:33:29,729] {logging_mixin.py:109} INFO - Running <TaskInstance: sample-dag-1.task_5 manual__2022-01-13T10:01:56.320659+00:00 [running]> on host 1.0.0.0.0.0.0.0.0.0.0.0.0.0.0.0.0.0.0.0.0.0.0.0.0.0.0.0.0.0.0.0.ip6.arpa
[2022-01-13 15:33:29,792] {taskinstance.py:1424} INFO - Exporting the following env vars:
AIRFLOW_CTX_DAG_OWNER=airflow
AIRFLOW_CTX_DAG_ID=sample-dag-1
AIRFLOW_CTX_TASK_ID=task_5
AIRFLOW_CTX_EXECUTION_DATE=2022-01-13T10:01:56.320659+00:00
AIRFLOW_CTX_DAG_RUN_ID=manual__2022-01-13T10:01:56.320659+00:00
[2022-01-13 15:33:34,882] {python.py:175} INFO - Done. Returned value was: 2
[2022-01-13 15:33:34,926] {taskinstance.py:1267} INFO - Marking task as SUCCESS. dag_id=sample-dag-1, task_id=task_5, execution_date=20220113T100156, start_date=20220113T100329, end_date=20220113T100334
[2022-01-13 15:33:34,963] {local_task_job.py:154} INFO - Task exited with return code 0
[2022-01-13 15:33:35,019] {local_task_job.py:264} INFO - 0 downstream tasks scheduled from follow-on schedule check
